# Logfile created on 2014-11-01 06:43:18 +0000 by logger.rb/44203
I, [2014-11-01T06:43:18.646385 #19840]  INFO -- : 0:  addressable (2.3.6) from /Users/osindero/.rvm/gems/ruby-2.1.0/specifications/addressable-2.3.6.gemspec
I, [2014-11-01T06:43:19.167866 #19840]  INFO -- : 0:  safe_yaml (1.0.4) from /Users/osindero/.rvm/gems/ruby-2.1.0/specifications/safe_yaml-1.0.4.gemspec
I, [2014-11-01T06:43:19.732121 #19840]  INFO -- : 0:  crack (0.4.2) from /Users/osindero/.rvm/gems/ruby-2.1.0/specifications/crack-0.4.2.gemspec
I, [2014-11-01T06:43:19.732666 #19840]  INFO -- : 0:  diff-lcs (1.2.5) from /Users/osindero/.rvm/gems/ruby-2.1.0/specifications/diff-lcs-1.2.5.gemspec
I, [2014-11-01T06:43:20.464271 #19840]  INFO -- : 0:  minitest (2.2.2) from /Users/osindero/.rvm/gems/ruby-2.1.0/specifications/minitest-2.2.2.gemspec
I, [2014-11-01T06:43:20.916149 #19840]  INFO -- : 0:  rspec-support (3.1.2) from /Users/osindero/.rvm/gems/ruby-2.1.0/specifications/rspec-support-3.1.2.gemspec
I, [2014-11-01T06:43:21.509456 #19840]  INFO -- : 0:  rspec-core (3.1.7) from /Users/osindero/.rvm/gems/ruby-2.1.0/specifications/rspec-core-3.1.7.gemspec
I, [2014-11-01T06:43:22.148447 #19840]  INFO -- : 0:  rspec-expectations (3.1.2) from /Users/osindero/.rvm/gems/ruby-2.1.0/specifications/rspec-expectations-3.1.2.gemspec
I, [2014-11-01T06:43:22.688872 #19840]  INFO -- : 0:  rspec-mocks (3.1.3) from /Users/osindero/.rvm/gems/ruby-2.1.0/specifications/rspec-mocks-3.1.3.gemspec
I, [2014-11-01T06:43:23.138956 #19840]  INFO -- : 0:  rspec (3.1.0) from /Users/osindero/.rvm/gems/ruby-2.1.0/specifications/rspec-3.1.0.gemspec
I, [2014-11-01T06:43:23.155078 #19840]  INFO -- : 0:  smartfile (0.2) from /Users/osindero/Dev/Maintenance/smartfile/smartfile.gemspec
I, [2014-11-01T06:43:23.834083 #19840]  INFO -- : 0:  webmock (1.20.0) from /Users/osindero/.rvm/gems/ruby-2.1.0/specifications/webmock-1.20.0.gemspec
I, [2014-11-01T06:43:23.834558 #19840]  INFO -- : 0:  bundler (1.5.1) from /Users/osindero/.rvm/gems/ruby-2.1.0@global/specifications/bundler-1.5.1.gemspec
I, [2014-11-01T06:46:00.281117 #19876]  INFO -- : 0:  addressable (2.3.6) from /Users/osindero/.rvm/gems/ruby-2.1.0/specifications/addressable-2.3.6.gemspec
I, [2014-11-01T06:46:00.281665 #19876]  INFO -- : 0:  safe_yaml (1.0.4) from /Users/osindero/.rvm/gems/ruby-2.1.0/specifications/safe_yaml-1.0.4.gemspec
I, [2014-11-01T06:46:00.282037 #19876]  INFO -- : 0:  crack (0.4.2) from /Users/osindero/.rvm/gems/ruby-2.1.0/specifications/crack-0.4.2.gemspec
I, [2014-11-01T06:46:00.282391 #19876]  INFO -- : 0:  diff-lcs (1.2.5) from /Users/osindero/.rvm/gems/ruby-2.1.0/specifications/diff-lcs-1.2.5.gemspec
I, [2014-11-01T06:46:00.282734 #19876]  INFO -- : 0:  http_parser.rb (0.6.0) from /Users/osindero/.rvm/gems/ruby-2.1.0/specifications/http_parser.rb-0.6.0.gemspec
I, [2014-11-01T06:46:00.821234 #19876]  INFO -- : 0:  http (0.6.2) from /Users/osindero/.rvm/gems/ruby-2.1.0/specifications/http-0.6.2.gemspec
I, [2014-11-01T06:46:00.821705 #19876]  INFO -- : 0:  minitest (2.2.2) from /Users/osindero/.rvm/gems/ruby-2.1.0/specifications/minitest-2.2.2.gemspec
I, [2014-11-01T06:46:00.822010 #19876]  INFO -- : 0:  rspec-support (3.1.2) from /Users/osindero/.rvm/gems/ruby-2.1.0/specifications/rspec-support-3.1.2.gemspec
I, [2014-11-01T06:46:00.822313 #19876]  INFO -- : 0:  rspec-core (3.1.7) from /Users/osindero/.rvm/gems/ruby-2.1.0/specifications/rspec-core-3.1.7.gemspec
I, [2014-11-01T06:46:00.822607 #19876]  INFO -- : 0:  rspec-expectations (3.1.2) from /Users/osindero/.rvm/gems/ruby-2.1.0/specifications/rspec-expectations-3.1.2.gemspec
I, [2014-11-01T06:46:00.822904 #19876]  INFO -- : 0:  rspec-mocks (3.1.3) from /Users/osindero/.rvm/gems/ruby-2.1.0/specifications/rspec-mocks-3.1.3.gemspec
I, [2014-11-01T06:46:00.823187 #19876]  INFO -- : 0:  rspec (3.1.0) from /Users/osindero/.rvm/gems/ruby-2.1.0/specifications/rspec-3.1.0.gemspec
I, [2014-11-01T06:46:00.843905 #19876]  INFO -- : 0:  smartfile (0.2) from /Users/osindero/Dev/Maintenance/smartfile/smartfile.gemspec
I, [2014-11-01T06:46:00.844482 #19876]  INFO -- : 0:  webmock (1.20.0) from /Users/osindero/.rvm/gems/ruby-2.1.0/specifications/webmock-1.20.0.gemspec
I, [2014-11-01T06:46:00.844964 #19876]  INFO -- : 0:  bundler (1.5.1) from /Users/osindero/.rvm/gems/ruby-2.1.0@global/specifications/bundler-1.5.1.gemspec
